[debug] [2026-04-09T09:20:02.470Z] ----------------------------------------------------------------------
[debug] [2026-04-09T09:20:02.472Z] Command:       C:\Program Files\nodejs\node.exe C:\Users\phu\AppData\Roaming\npm\node_modules\firebase-tools\lib\bin\firebase.js deploy --only firestore:rules
[debug] [2026-04-09T09:20:02.472Z] CLI Version:   15.4.0
[debug] [2026-04-09T09:20:02.472Z] Platform:      win32
[debug] [2026-04-09T09:20:02.472Z] Node Version:  v24.12.0
[debug] [2026-04-09T09:20:02.472Z] Time:          Thu Apr 09 2026 16:20:02 GMT+0700 (Indochina Time)
[debug] [2026-04-09T09:20:02.472Z] ----------------------------------------------------------------------
[debug] 
[error] 
[error] Error: No currently active project.
To run this command, you need to specify a project. You have two options:
- Run this command with --project <alias_or_project_id>.
- Set an active project by running firebase use --add, then rerun this command.
To list all the Firebase projects to which you have access, run firebase projects:list.
To learn about active projects for the CLI, visit https://firebase.google.com/docs/cli#project_aliases


[debug] [2026-04-09T09:20:12.825Z] ----------------------------------------------------------------------
[debug] [2026-04-09T09:20:12.827Z] Command:       C:\Program Files\nodejs\node.exe C:\Users\phu\AppData\Roaming\npm\node_modules\firebase-tools\lib\bin\firebase.js deploy --only firestore:rules --project websieure-2026
[debug] [2026-04-09T09:20:12.827Z] CLI Version:   15.4.0
[debug] [2026-04-09T09:20:12.827Z] Platform:      win32
[debug] [2026-04-09T09:20:12.827Z] Node Version:  v24.12.0
[debug] [2026-04-09T09:20:12.828Z] Time:          Thu Apr 09 2026 16:20:12 GMT+0700 (Indochina Time)
[debug] [2026-04-09T09:20:12.828Z] ----------------------------------------------------------------------
[debug] 
[debug] [2026-04-09T09:20:13.984Z] > command requires scopes: ["email","openid","https://www.googleapis.com/auth/cloudplatformprojects.readonly","https://www.googleapis.com/auth/firebase","https://www.googleapis.com/auth/cloud-platform"]
[debug] [2026-04-09T09:20:13.984Z] > authorizing via signed-in user (nguyenvanphu.nonglac@gmail.com)
[debug] [2026-04-09T09:20:13.985Z] [iam] checking project websieure-2026 for permissions ["datastore.indexes.create","datastore.indexes.delete","datastore.indexes.list","datastore.indexes.update","firebase.projects.get"]
[debug] [2026-04-09T09:20:13.986Z] Checked if tokens are valid: false, expires at: 1775725543666
[debug] [2026-04-09T09:20:13.986Z] Checked if tokens are valid: false, expires at: 1775725543666
[debug] [2026-04-09T09:20:13.986Z] > refreshing access token with scopes: []
[debug] [2026-04-09T09:20:13.987Z] >>> [apiv2][query] POST https://www.googleapis.com/oauth2/v3/token [none]
[debug] [2026-04-09T09:20:13.987Z] >>> [apiv2][body] POST https://www.googleapis.com/oauth2/v3/token [omitted]
[debug] [2026-04-09T09:20:14.750Z] <<< [apiv2][status] POST https://www.googleapis.com/oauth2/v3/token 200
[debug] [2026-04-09T09:20:14.751Z] <<< [apiv2][body] POST https://www.googleapis.com/oauth2/v3/token [omitted]
[debug] [2026-04-09T09:20:14.754Z] >>> [apiv2][query] POST https://cloudresourcemanager.googleapis.com/v1/projects/websieure-2026:testIamPermissions [none]
[debug] [2026-04-09T09:20:14.755Z] >>> [apiv2][(partial)header] POST https://cloudresourcemanager.googleapis.com/v1/projects/websieure-2026:testIamPermissions x-goog-quota-user=projects/websieure-2026
[debug] [2026-04-09T09:20:14.755Z] >>> [apiv2][body] POST https://cloudresourcemanager.googleapis.com/v1/projects/websieure-2026:testIamPermissions {"permissions":["datastore.indexes.create","datastore.indexes.delete","datastore.indexes.list","datastore.indexes.update","firebase.projects.get"]}
[debug] [2026-04-09T09:20:16.293Z] <<< [apiv2][status] POST https://cloudresourcemanager.googleapis.com/v1/projects/websieure-2026:testIamPermissions 200
[debug] [2026-04-09T09:20:16.293Z] <<< [apiv2][body] POST https://cloudresourcemanager.googleapis.com/v1/projects/websieure-2026:testIamPermissions {"permissions":["datastore.indexes.create","datastore.indexes.delete","datastore.indexes.list","datastore.indexes.update","firebase.projects.get"]}
[info] 
[info] === Deploying to 'websieure-2026'...
[info] 
[info] i  deploying firestore 
[info] i  firestore: ensuring required API firestore.googleapis.com is enabled... 
[info] i  firestore: ensuring required API firestore.googleapis.com is enabled... 
[debug] [2026-04-09T09:20:16.295Z] Checked if tokens are valid: true, expires at: 1775730013751
[debug] [2026-04-09T09:20:16.295Z] Checked if tokens are valid: true, expires at: 1775730013751
[debug] [2026-04-09T09:20:16.295Z] >>> [apiv2][query] GET https://firestore.googleapis.com/v1/projects/websieure-2026/databases/(default) [none]
[debug] [2026-04-09T09:20:16.899Z] <<< [apiv2][status] GET https://firestore.googleapis.com/v1/projects/websieure-2026/databases/(default) 200
[debug] [2026-04-09T09:20:16.899Z] <<< [apiv2][body] GET https://firestore.googleapis.com/v1/projects/websieure-2026/databases/(default) {"name":"projects/websieure-2026/databases/(default)","uid":"e8888f7f-7c76-402c-8d53-b8fabffef4a7","createTime":"2026-01-15T13:57:55.846446Z","updateTime":"2026-01-15T13:57:55.846446Z","locationId":"asia-southeast1","type":"FIRESTORE_NATIVE","concurrencyMode":"PESSIMISTIC","versionRetentionPeriod":"3600s","earliestVersionTime":"2026-04-09T08:19:56.407386Z","appEngineIntegrationMode":"DISABLED","keyPrefix":"zas","pointInTimeRecoveryEnablement":"POINT_IN_TIME_RECOVERY_DISABLED","deleteProtectionState":"DELETE_PROTECTION_DISABLED","databaseEdition":"STANDARD","freeTier":true,"realtimeUpdatesMode":"REALTIME_UPDATES_MODE_ENABLED","etag":"IND0zai44JMDMLrQjq6Q5JID"}
[info] i  firestore: reading indexes from firestore.indexes.json... 
[info] i  cloud.firestore: checking firestore.rules for compilation errors... 
[debug] [2026-04-09T09:20:16.900Z] Checked if tokens are valid: true, expires at: 1775730013751
[debug] [2026-04-09T09:20:16.900Z] Checked if tokens are valid: true, expires at: 1775730013751
[debug] [2026-04-09T09:20:16.900Z] >>> [apiv2][query] POST https://firebaserules.googleapis.com/v1/projects/websieure-2026:test [none]
[debug] [2026-04-09T09:20:16.900Z] >>> [apiv2][body] POST https://firebaserules.googleapis.com/v1/projects/websieure-2026:test [omitted]
[debug] [2026-04-09T09:20:17.904Z] <<< [apiv2][status] POST https://firebaserules.googleapis.com/v1/projects/websieure-2026:test 200
[debug] [2026-04-09T09:20:17.904Z] <<< [apiv2][body] POST https://firebaserules.googleapis.com/v1/projects/websieure-2026:test {}
[info] +  cloud.firestore: rules file firestore.rules compiled successfully 
[debug] [2026-04-09T09:20:17.905Z] Checked if tokens are valid: true, expires at: 1775730013751
[debug] [2026-04-09T09:20:17.905Z] Checked if tokens are valid: true, expires at: 1775730013751
[debug] [2026-04-09T09:20:17.905Z] >>> [apiv2][query] GET https://firebaserules.googleapis.com/v1/projects/websieure-2026/releases pageSize=10&pageToken=
[debug] [2026-04-09T09:20:19.094Z] <<< [apiv2][status] GET https://firebaserules.googleapis.com/v1/projects/websieure-2026/releases 200
[debug] [2026-04-09T09:20:19.094Z] <<< [apiv2][body] GET https://firebaserules.googleapis.com/v1/projects/websieure-2026/releases {"releases":[{"name":"projects/websieure-2026/releases/cloud.firestore","rulesetName":"projects/websieure-2026/rulesets/ad82eb4a-0ba7-4354-a40c-30670ddfc80a","createTime":"2026-01-15T13:58:02.851315Z","updateTime":"2026-04-09T04:21:58.861566Z"}]}
[debug] [2026-04-09T09:20:19.094Z] Checked if tokens are valid: true, expires at: 1775730013751
[debug] [2026-04-09T09:20:19.094Z] Checked if tokens are valid: true, expires at: 1775730013751
[debug] [2026-04-09T09:20:19.094Z] >>> [apiv2][query] GET https://firebaserules.googleapis.com/v1/projects/websieure-2026/rulesets/ad82eb4a-0ba7-4354-a40c-30670ddfc80a [none]
[debug] [2026-04-09T09:20:20.213Z] <<< [apiv2][status] GET https://firebaserules.googleapis.com/v1/projects/websieure-2026/rulesets/ad82eb4a-0ba7-4354-a40c-30670ddfc80a 200
[debug] [2026-04-09T09:20:20.213Z] <<< [apiv2][body] GET https://firebaserules.googleapis.com/v1/projects/websieure-2026/rulesets/ad82eb4a-0ba7-4354-a40c-30670ddfc80a [omitted]
[info] i  firestore: uploading rules firestore.rules... 
[debug] [2026-04-09T09:20:20.214Z] Checked if tokens are valid: true, expires at: 1775730013751
[debug] [2026-04-09T09:20:20.214Z] Checked if tokens are valid: true, expires at: 1775730013751
[debug] [2026-04-09T09:20:20.214Z] >>> [apiv2][query] POST https://firebaserules.googleapis.com/v1/projects/websieure-2026/rulesets [none]
[debug] [2026-04-09T09:20:20.215Z] >>> [apiv2][body] POST https://firebaserules.googleapis.com/v1/projects/websieure-2026/rulesets [omitted]
[debug] [2026-04-09T09:20:21.591Z] <<< [apiv2][status] POST https://firebaserules.googleapis.com/v1/projects/websieure-2026/rulesets 200
[debug] [2026-04-09T09:20:21.591Z] <<< [apiv2][body] POST https://firebaserules.googleapis.com/v1/projects/websieure-2026/rulesets {"name":"projects/websieure-2026/rulesets/5e48acd8-f592-4257-8cd6-8305814e5fb4","source":{"files":[{"content":"rules_version = '2';\n\nservice cloud.firestore {\n  match /databases/{database}/documents {\n    // User Profile Rules\n    match /users/{userId} {\n      allow read: if request.auth != null;\n      allow write: if request.auth != null && request.auth.uid == userId;\n    }\n    \n    // Global Read for Public Content (Community)\n    match /{path=**}/quizSets/{setId} {\n      allow read: if request.auth != null && resource.data.isPublic == true;\n    }\n    match /{path=**}/flashcardSets/{setId} {\n      allow read: if request.auth != null && resource.data.isPublic == true;\n    }\n\n    // Owner Access Rules (Using path variables for robustness)\n    match /users/{userId}/{allSubcollections=**} {\n      allow read, write: if request.auth != null && request.auth.uid == userId;\n    }\n    \n    // Note Rules (Root collection)\n    match /notes/{noteId} {\n      allow read, write: if request.auth != null && (request.auth.uid == resource.data.userId || request.auth.uid == request.resource.data.userId);\n    }\n    // Community Rules\n    match /community_posts/{postId} {\n      allow read: if request.auth != null;\n      allow create: if request.auth != null;\n      allow update: if request.auth != null;\n      \n      match /comments/{commentId} {\n        allow read: if request.auth != null;\n        allow create: if request.auth != null;\n      }\n    }\n\n    // Pomodoro Sessions\n    match /pomodoro_sessions/{sessionId} {\n      allow read, write: if request.auth != null && request.auth.uid == resource.data.userId;\n      allow create: if request.auth != null && request.auth.uid == request.resource.data.userId;\n    }\n  }\n}\n","name":"firestore.rules"}]},"createTime":"2026-04-09T09:20:01.001231Z","metadata":{"services":["cloud.firestore"]}}
[debug] [2026-04-09T09:20:21.591Z] [rules] created ruleset projects/websieure-2026/rulesets/5e48acd8-f592-4257-8cd6-8305814e5fb4
[debug] [2026-04-09T09:20:21.591Z] [rules] releasing cloud.firestore/(default) with ruleset projects/websieure-2026/rulesets/5e48acd8-f592-4257-8cd6-8305814e5fb4
[debug] [2026-04-09T09:20:21.591Z] Checked if tokens are valid: true, expires at: 1775730013751
[debug] [2026-04-09T09:20:21.592Z] Checked if tokens are valid: true, expires at: 1775730013751
[debug] [2026-04-09T09:20:21.592Z] >>> [apiv2][query] PATCH https://firebaserules.googleapis.com/v1/projects/websieure-2026/releases/cloud.firestore/(default) [none]
[debug] [2026-04-09T09:20:21.592Z] >>> [apiv2][body] PATCH https://firebaserules.googleapis.com/v1/projects/websieure-2026/releases/cloud.firestore/(default) {"release":{"name":"projects/websieure-2026/releases/cloud.firestore/(default)","rulesetName":"projects/websieure-2026/rulesets/5e48acd8-f592-4257-8cd6-8305814e5fb4"}}
[debug] [2026-04-09T09:20:22.792Z] <<< [apiv2][status] PATCH https://firebaserules.googleapis.com/v1/projects/websieure-2026/releases/cloud.firestore/(default) 200
[debug] [2026-04-09T09:20:22.792Z] <<< [apiv2][body] PATCH https://firebaserules.googleapis.com/v1/projects/websieure-2026/releases/cloud.firestore/(default) {"name":"projects/websieure-2026/releases/cloud.firestore","rulesetName":"projects/websieure-2026/rulesets/5e48acd8-f592-4257-8cd6-8305814e5fb4","createTime":"2026-01-15T13:58:02.851315Z","updateTime":"2026-04-09T09:20:02.213197Z"}
[debug] [2026-04-09T09:20:22.792Z] [rules] updated release projects/websieure-2026/releases/cloud.firestore
[info] +  firestore: released rules firestore.rules to cloud.firestore 
[info] 
[info] +  Deploy complete! 
[info] 
[info] Project Console: https://console.firebase.google.com/project/websieure-2026/overview
[debug] [2026-04-09T09:20:30.382Z] ----------------------------------------------------------------------
[debug] [2026-04-09T09:20:30.384Z] Command:       C:\Program Files\nodejs\node.exe C:\Users\phu\AppData\Roaming\npm\node_modules\firebase-tools\lib\bin\firebase.js use studyhub-2026
[debug] [2026-04-09T09:20:30.384Z] CLI Version:   15.4.0
[debug] [2026-04-09T09:20:30.384Z] Platform:      win32
[debug] [2026-04-09T09:20:30.384Z] Node Version:  v24.12.0
[debug] [2026-04-09T09:20:30.385Z] Time:          Thu Apr 09 2026 16:20:30 GMT+0700 (Indochina Time)
[debug] [2026-04-09T09:20:30.385Z] ----------------------------------------------------------------------
[debug] 
[debug] [2026-04-09T09:20:30.507Z] > command requires scopes: ["email","openid","https://www.googleapis.com/auth/cloudplatformprojects.readonly","https://www.googleapis.com/auth/firebase","https://www.googleapis.com/auth/cloud-platform"]
[debug] [2026-04-09T09:20:30.508Z] > authorizing via signed-in user (nguyenvanphu.nonglac@gmail.com)
[debug] [2026-04-09T09:20:30.509Z] Checked if tokens are valid: true, expires at: 1775730013751
[debug] [2026-04-09T09:20:30.509Z] Checked if tokens are valid: true, expires at: 1775730013751
[debug] [2026-04-09T09:20:30.510Z] >>> [apiv2][query] GET https://cloudresourcemanager.googleapis.com/v1/projects/studyhub-2026 [none]
[debug] [2026-04-09T09:20:31.605Z] <<< [apiv2][status] GET https://cloudresourcemanager.googleapis.com/v1/projects/studyhub-2026 200
[debug] [2026-04-09T09:20:31.605Z] <<< [apiv2][body] GET https://cloudresourcemanager.googleapis.com/v1/projects/studyhub-2026 {"projectNumber":"229089054139","projectId":"studyhub-2026","lifecycleState":"ACTIVE","name":"studyhub","labels":{"firebase":"enabled","firebase-core":"disabled"},"createTime":"2026-04-09T03:06:14.267Z"}
[info] Now using project studyhub-2026
[debug] [2026-04-09T09:20:32.315Z] ----------------------------------------------------------------------
[debug] [2026-04-09T09:20:32.317Z] Command:       C:\Program Files\nodejs\node.exe C:\Users\phu\AppData\Roaming\npm\node_modules\firebase-tools\lib\bin\firebase.js deploy --only firestore:rules
[debug] [2026-04-09T09:20:32.317Z] CLI Version:   15.4.0
[debug] [2026-04-09T09:20:32.317Z] Platform:      win32
[debug] [2026-04-09T09:20:32.318Z] Node Version:  v24.12.0
[debug] [2026-04-09T09:20:32.318Z] Time:          Thu Apr 09 2026 16:20:32 GMT+0700 (Indochina Time)
[debug] [2026-04-09T09:20:32.318Z] ----------------------------------------------------------------------
[debug] 
[debug] [2026-04-09T09:20:33.392Z] > command requires scopes: ["email","openid","https://www.googleapis.com/auth/cloudplatformprojects.readonly","https://www.googleapis.com/auth/firebase","https://www.googleapis.com/auth/cloud-platform"]
[debug] [2026-04-09T09:20:33.393Z] > authorizing via signed-in user (nguyenvanphu.nonglac@gmail.com)
[debug] [2026-04-09T09:20:33.393Z] [iam] checking project studyhub-2026 for permissions ["datastore.indexes.create","datastore.indexes.delete","datastore.indexes.list","datastore.indexes.update","firebase.projects.get"]
[debug] [2026-04-09T09:20:33.394Z] Checked if tokens are valid: true, expires at: 1775730013751
[debug] [2026-04-09T09:20:33.395Z] Checked if tokens are valid: true, expires at: 1775730013751
[debug] [2026-04-09T09:20:33.395Z] >>> [apiv2][query] POST https://cloudresourcemanager.googleapis.com/v1/projects/studyhub-2026:testIamPermissions [none]
[debug] [2026-04-09T09:20:33.396Z] >>> [apiv2][(partial)header] POST https://cloudresourcemanager.googleapis.com/v1/projects/studyhub-2026:testIamPermissions x-goog-quota-user=projects/studyhub-2026
[debug] [2026-04-09T09:20:33.396Z] >>> [apiv2][body] POST https://cloudresourcemanager.googleapis.com/v1/projects/studyhub-2026:testIamPermissions {"permissions":["datastore.indexes.create","datastore.indexes.delete","datastore.indexes.list","datastore.indexes.update","firebase.projects.get"]}
[debug] [2026-04-09T09:20:34.441Z] <<< [apiv2][status] POST https://cloudresourcemanager.googleapis.com/v1/projects/studyhub-2026:testIamPermissions 200
[debug] [2026-04-09T09:20:34.441Z] <<< [apiv2][body] POST https://cloudresourcemanager.googleapis.com/v1/projects/studyhub-2026:testIamPermissions {"permissions":["datastore.indexes.create","datastore.indexes.delete","datastore.indexes.list","datastore.indexes.update","firebase.projects.get"]}
[info] 
[info] === Deploying to 'studyhub-2026'...
[info] 
[info] i  deploying firestore 
[info] i  firestore: ensuring required API firestore.googleapis.com is enabled... 
[info] i  firestore: ensuring required API firestore.googleapis.com is enabled... 
[debug] [2026-04-09T09:20:34.444Z] Checked if tokens are valid: true, expires at: 1775730013751
[debug] [2026-04-09T09:20:34.444Z] Checked if tokens are valid: true, expires at: 1775730013751
[debug] [2026-04-09T09:20:34.444Z] >>> [apiv2][query] GET https://firestore.googleapis.com/v1/projects/studyhub-2026/databases/(default) [none]
[debug] [2026-04-09T09:20:34.922Z] <<< [apiv2][status] GET https://firestore.googleapis.com/v1/projects/studyhub-2026/databases/(default) 200
[debug] [2026-04-09T09:20:34.922Z] <<< [apiv2][body] GET https://firestore.googleapis.com/v1/projects/studyhub-2026/databases/(default) {"name":"projects/studyhub-2026/databases/(default)","uid":"6c2ccead-b0e1-4f70-b91f-d0f14ea8a2c5","createTime":"2026-04-09T03:23:18.237271Z","updateTime":"2026-04-09T03:23:18.237271Z","locationId":"asia-southeast1","type":"FIRESTORE_NATIVE","concurrencyMode":"PESSIMISTIC","versionRetentionPeriod":"3600s","earliestVersionTime":"2026-04-09T08:20:14.416748Z","appEngineIntegrationMode":"DISABLED","keyPrefix":"zas","pointInTimeRecoveryEnablement":"POINT_IN_TIME_RECOVERY_DISABLED","deleteProtectionState":"DELETE_PROTECTION_DISABLED","databaseEdition":"STANDARD","freeTier":true,"realtimeUpdatesMode":"REALTIME_UPDATES_MODE_ENABLED","etag":"IMOOmbG44JMDMLWu7LHp35MD"}
[info] i  firestore: reading indexes from firestore.indexes.json... 
[info] i  cloud.firestore: checking firestore.rules for compilation errors... 
[debug] [2026-04-09T09:20:34.924Z] Checked if tokens are valid: true, expires at: 1775730013751
[debug] [2026-04-09T09:20:34.924Z] Checked if tokens are valid: true, expires at: 1775730013751
[debug] [2026-04-09T09:20:34.924Z] >>> [apiv2][query] POST https://firebaserules.googleapis.com/v1/projects/studyhub-2026:test [none]
[debug] [2026-04-09T09:20:34.924Z] >>> [apiv2][body] POST https://firebaserules.googleapis.com/v1/projects/studyhub-2026:test [omitted]
[debug] [2026-04-09T09:20:36.184Z] <<< [apiv2][status] POST https://firebaserules.googleapis.com/v1/projects/studyhub-2026:test 200
[debug] [2026-04-09T09:20:36.184Z] <<< [apiv2][body] POST https://firebaserules.googleapis.com/v1/projects/studyhub-2026:test {}
[info] +  cloud.firestore: rules file firestore.rules compiled successfully 
[debug] [2026-04-09T09:20:36.185Z] Checked if tokens are valid: true, expires at: 1775730013751
[debug] [2026-04-09T09:20:36.185Z] Checked if tokens are valid: true, expires at: 1775730013751
[debug] [2026-04-09T09:20:36.185Z] >>> [apiv2][query] GET https://firebaserules.googleapis.com/v1/projects/studyhub-2026/releases pageSize=10&pageToken=
[debug] [2026-04-09T09:20:37.320Z] <<< [apiv2][status] GET https://firebaserules.googleapis.com/v1/projects/studyhub-2026/releases 200
[debug] [2026-04-09T09:20:37.320Z] <<< [apiv2][body] GET https://firebaserules.googleapis.com/v1/projects/studyhub-2026/releases {"releases":[{"name":"projects/studyhub-2026/releases/cloud.firestore","rulesetName":"projects/studyhub-2026/rulesets/10618cee-1d16-4b12-b224-da58ed7d5310","createTime":"2026-04-09T03:23:21.494831Z","updateTime":"2026-04-09T08:45:46.651887Z"}]}
[debug] [2026-04-09T09:20:37.320Z] Checked if tokens are valid: true, expires at: 1775730013751
[debug] [2026-04-09T09:20:37.320Z] Checked if tokens are valid: true, expires at: 1775730013751
[debug] [2026-04-09T09:20:37.321Z] >>> [apiv2][query] GET https://firebaserules.googleapis.com/v1/projects/studyhub-2026/rulesets/10618cee-1d16-4b12-b224-da58ed7d5310 [none]
[debug] [2026-04-09T09:20:37.619Z] <<< [apiv2][status] GET https://firebaserules.googleapis.com/v1/projects/studyhub-2026/rulesets/10618cee-1d16-4b12-b224-da58ed7d5310 200
[debug] [2026-04-09T09:20:37.619Z] <<< [apiv2][body] GET https://firebaserules.googleapis.com/v1/projects/studyhub-2026/rulesets/10618cee-1d16-4b12-b224-da58ed7d5310 [omitted]
[info] i  firestore: uploading rules firestore.rules... 
[debug] [2026-04-09T09:20:37.619Z] Checked if tokens are valid: true, expires at: 1775730013751
[debug] [2026-04-09T09:20:37.619Z] Checked if tokens are valid: true, expires at: 1775730013751
[debug] [2026-04-09T09:20:37.620Z] >>> [apiv2][query] POST https://firebaserules.googleapis.com/v1/projects/studyhub-2026/rulesets [none]
[debug] [2026-04-09T09:20:37.620Z] >>> [apiv2][body] POST https://firebaserules.googleapis.com/v1/projects/studyhub-2026/rulesets [omitted]
[debug] [2026-04-09T09:20:38.777Z] <<< [apiv2][status] POST https://firebaserules.googleapis.com/v1/projects/studyhub-2026/rulesets 200
[debug] [2026-04-09T09:20:38.777Z] <<< [apiv2][body] POST https://firebaserules.googleapis.com/v1/projects/studyhub-2026/rulesets {"name":"projects/studyhub-2026/rulesets/a77cec59-332a-496e-9ffa-7fef4c4c49a1","source":{"files":[{"content":"rules_version = '2';\n\nservice cloud.firestore {\n  match /databases/{database}/documents {\n    // User Profile Rules\n    match /users/{userId} {\n      allow read: if request.auth != null;\n      allow write: if request.auth != null && request.auth.uid == userId;\n    }\n    \n    // Global Read for Public Content (Community)\n    match /{path=**}/quizSets/{setId} {\n      allow read: if request.auth != null && resource.data.isPublic == true;\n    }\n    match /{path=**}/flashcardSets/{setId} {\n      allow read: if request.auth != null && resource.data.isPublic == true;\n    }\n\n    // Owner Access Rules (Using path variables for robustness)\n    match /users/{userId}/{allSubcollections=**} {\n      allow read, write: if request.auth != null && request.auth.uid == userId;\n    }\n    \n    // Note Rules (Root collection)\n    match /notes/{noteId} {\n      allow read, write: if request.auth != null && (request.auth.uid == resource.data.userId || request.auth.uid == request.resource.data.userId);\n    }\n    // Community Rules\n    match /community_posts/{postId} {\n      allow read: if request.auth != null;\n      allow create: if request.auth != null;\n      allow update: if request.auth != null;\n      \n      match /comments/{commentId} {\n        allow read: if request.auth != null;\n        allow create: if request.auth != null;\n      }\n    }\n\n    // Pomodoro Sessions\n    match /pomodoro_sessions/{sessionId} {\n      allow read, write: if request.auth != null && request.auth.uid == resource.data.userId;\n      allow create: if request.auth != null && request.auth.uid == request.resource.data.userId;\n    }\n  }\n}\n","name":"firestore.rules"}]},"createTime":"2026-04-09T09:20:18.193807Z","metadata":{"services":["cloud.firestore"]}}
[debug] [2026-04-09T09:20:38.777Z] [rules] created ruleset projects/studyhub-2026/rulesets/a77cec59-332a-496e-9ffa-7fef4c4c49a1
[debug] [2026-04-09T09:20:38.777Z] [rules] releasing cloud.firestore/(default) with ruleset projects/studyhub-2026/rulesets/a77cec59-332a-496e-9ffa-7fef4c4c49a1
[debug] [2026-04-09T09:20:38.777Z] Checked if tokens are valid: true, expires at: 1775730013751
[debug] [2026-04-09T09:20:38.777Z] Checked if tokens are valid: true, expires at: 1775730013751
[debug] [2026-04-09T09:20:38.777Z] >>> [apiv2][query] PATCH https://firebaserules.googleapis.com/v1/projects/studyhub-2026/releases/cloud.firestore/(default) [none]
[debug] [2026-04-09T09:20:38.777Z] >>> [apiv2][body] PATCH https://firebaserules.googleapis.com/v1/projects/studyhub-2026/releases/cloud.firestore/(default) {"release":{"name":"projects/studyhub-2026/releases/cloud.firestore/(default)","rulesetName":"projects/studyhub-2026/rulesets/a77cec59-332a-496e-9ffa-7fef4c4c49a1"}}
[debug] [2026-04-09T09:20:39.947Z] <<< [apiv2][status] PATCH https://firebaserules.googleapis.com/v1/projects/studyhub-2026/releases/cloud.firestore/(default) 200
[debug] [2026-04-09T09:20:39.947Z] <<< [apiv2][body] PATCH https://firebaserules.googleapis.com/v1/projects/studyhub-2026/releases/cloud.firestore/(default) {"name":"projects/studyhub-2026/releases/cloud.firestore","rulesetName":"projects/studyhub-2026/rulesets/a77cec59-332a-496e-9ffa-7fef4c4c49a1","createTime":"2026-04-09T03:23:21.494831Z","updateTime":"2026-04-09T09:20:19.368095Z"}
[debug] [2026-04-09T09:20:39.947Z] [rules] updated release projects/studyhub-2026/releases/cloud.firestore
[info] +  firestore: released rules firestore.rules to cloud.firestore 
[info] 
[info] +  Deploy complete! 
[info] 
[info] Project Console: https://console.firebase.google.com/project/studyhub-2026/overview
[debug] [2026-04-10T03:26:50.525Z] ----------------------------------------------------------------------
[debug] [2026-04-10T03:26:50.529Z] Command:       C:\Program Files\nodejs\node.exe C:\Users\phu\AppData\Roaming\npm\node_modules\firebase-tools\lib\bin\firebase.js use studyhub-2026
[debug] [2026-04-10T03:26:50.530Z] CLI Version:   15.4.0
[debug] [2026-04-10T03:26:50.530Z] Platform:      win32
[debug] [2026-04-10T03:26:50.530Z] Node Version:  v24.12.0
[debug] [2026-04-10T03:26:50.530Z] Time:          Fri Apr 10 2026 10:26:50 GMT+0700 (Indochina Time)
[debug] [2026-04-10T03:26:50.530Z] ----------------------------------------------------------------------
[debug] 
[debug] [2026-04-10T03:26:50.739Z] > command requires scopes: ["email","openid","https://www.googleapis.com/auth/cloudplatformprojects.readonly","https://www.googleapis.com/auth/firebase","https://www.googleapis.com/auth/cloud-platform"]
[debug] [2026-04-10T03:26:50.740Z] > authorizing via signed-in user (nguyenvanphu.nonglac@gmail.com)
[debug] [2026-04-10T03:26:50.742Z] Checked if tokens are valid: false, expires at: 1775730013751
[debug] [2026-04-10T03:26:50.742Z] Checked if tokens are valid: false, expires at: 1775730013751
[debug] [2026-04-10T03:26:50.742Z] > refreshing access token with scopes: []
[debug] [2026-04-10T03:26:50.745Z] >>> [apiv2][query] POST https://www.googleapis.com/oauth2/v3/token [none]
[debug] [2026-04-10T03:26:50.745Z] >>> [apiv2][body] POST https://www.googleapis.com/oauth2/v3/token [omitted]
[debug] [2026-04-10T03:26:51.425Z] <<< [apiv2][status] POST https://www.googleapis.com/oauth2/v3/token 200
[debug] [2026-04-10T03:26:51.425Z] <<< [apiv2][body] POST https://www.googleapis.com/oauth2/v3/token [omitted]
[debug] [2026-04-10T03:26:51.430Z] >>> [apiv2][query] GET https://cloudresourcemanager.googleapis.com/v1/projects/studyhub-2026 [none]
[debug] [2026-04-10T03:26:52.918Z] <<< [apiv2][status] GET https://cloudresourcemanager.googleapis.com/v1/projects/studyhub-2026 200
[debug] [2026-04-10T03:26:52.918Z] <<< [apiv2][body] GET https://cloudresourcemanager.googleapis.com/v1/projects/studyhub-2026 {"projectNumber":"229089054139","projectId":"studyhub-2026","lifecycleState":"ACTIVE","name":"studyhub","labels":{"firebase":"enabled","firebase-core":"disabled"},"createTime":"2026-04-09T03:06:14.267Z"}
[info] Now using project studyhub-2026
[debug] [2026-04-10T03:26:53.727Z] ----------------------------------------------------------------------
[debug] [2026-04-10T03:26:53.729Z] Command:       C:\Program Files\nodejs\node.exe C:\Users\phu\AppData\Roaming\npm\node_modules\firebase-tools\lib\bin\firebase.js deploy --only firestore:indexes
[debug] [2026-04-10T03:26:53.729Z] CLI Version:   15.4.0
[debug] [2026-04-10T03:26:53.729Z] Platform:      win32
[debug] [2026-04-10T03:26:53.729Z] Node Version:  v24.12.0
[debug] [2026-04-10T03:26:53.729Z] Time:          Fri Apr 10 2026 10:26:53 GMT+0700 (Indochina Time)
[debug] [2026-04-10T03:26:53.729Z] ----------------------------------------------------------------------
[debug] 
[debug] [2026-04-10T03:26:56.290Z] > command requires scopes: ["email","openid","https://www.googleapis.com/auth/cloudplatformprojects.readonly","https://www.googleapis.com/auth/firebase","https://www.googleapis.com/auth/cloud-platform"]
[debug] [2026-04-10T03:26:56.291Z] > authorizing via signed-in user (nguyenvanphu.nonglac@gmail.com)
[debug] [2026-04-10T03:26:56.292Z] [iam] checking project studyhub-2026 for permissions ["datastore.indexes.create","datastore.indexes.delete","datastore.indexes.list","datastore.indexes.update","firebase.projects.get"]
[debug] [2026-04-10T03:26:56.296Z] Checked if tokens are valid: true, expires at: 1775795210425
[debug] [2026-04-10T03:26:56.297Z] Checked if tokens are valid: true, expires at: 1775795210425
[debug] [2026-04-10T03:26:56.298Z] >>> [apiv2][query] POST https://cloudresourcemanager.googleapis.com/v1/projects/studyhub-2026:testIamPermissions [none]
[debug] [2026-04-10T03:26:56.299Z] >>> [apiv2][(partial)header] POST https://cloudresourcemanager.googleapis.com/v1/projects/studyhub-2026:testIamPermissions x-goog-quota-user=projects/studyhub-2026
[debug] [2026-04-10T03:26:56.299Z] >>> [apiv2][body] POST https://cloudresourcemanager.googleapis.com/v1/projects/studyhub-2026:testIamPermissions {"permissions":["datastore.indexes.create","datastore.indexes.delete","datastore.indexes.list","datastore.indexes.update","firebase.projects.get"]}
[debug] [2026-04-10T03:26:57.338Z] <<< [apiv2][status] POST https://cloudresourcemanager.googleapis.com/v1/projects/studyhub-2026:testIamPermissions 200
[debug] [2026-04-10T03:26:57.339Z] <<< [apiv2][body] POST https://cloudresourcemanager.googleapis.com/v1/projects/studyhub-2026:testIamPermissions {"permissions":["datastore.indexes.create","datastore.indexes.delete","datastore.indexes.list","datastore.indexes.update","firebase.projects.get"]}
[info] 
[info] === Deploying to 'studyhub-2026'...
[info] 
[info] i  deploying firestore 
[info] i  firestore: ensuring required API firestore.googleapis.com is enabled... 
[info] i  firestore: ensuring required API firestore.googleapis.com is enabled... 
[debug] [2026-04-10T03:26:57.341Z] Checked if tokens are valid: true, expires at: 1775795210425
[debug] [2026-04-10T03:26:57.342Z] Checked if tokens are valid: true, expires at: 1775795210425
[debug] [2026-04-10T03:26:57.342Z] >>> [apiv2][query] GET https://firestore.googleapis.com/v1/projects/studyhub-2026/databases/(default) [none]
[debug] [2026-04-10T03:26:58.263Z] <<< [apiv2][status] GET https://firestore.googleapis.com/v1/projects/studyhub-2026/databases/(default) 200
[debug] [2026-04-10T03:26:58.263Z] <<< [apiv2][body] GET https://firestore.googleapis.com/v1/projects/studyhub-2026/databases/(default) {"name":"projects/studyhub-2026/databases/(default)","uid":"6c2ccead-b0e1-4f70-b91f-d0f14ea8a2c5","createTime":"2026-04-09T03:23:18.237271Z","updateTime":"2026-04-09T03:23:18.237271Z","locationId":"asia-southeast1","type":"FIRESTORE_NATIVE","concurrencyMode":"PESSIMISTIC","versionRetentionPeriod":"3600s","earliestVersionTime":"2026-04-10T02:26:37.907822Z","appEngineIntegrationMode":"DISABLED","keyPrefix":"zas","pointInTimeRecoveryEnablement":"POINT_IN_TIME_RECOVERY_DISABLED","deleteProtectionState":"DELETE_PROTECTION_DISABLED","databaseEdition":"STANDARD","freeTier":true,"realtimeUpdatesMode":"REALTIME_UPDATES_MODE_ENABLED","etag":"IODXjZur4pMDMLWu7LHp35MD"}
[info] i  firestore: reading indexes from firestore.indexes.json... 
[info] i  cloud.firestore: checking firestore.rules for compilation errors... 
[debug] [2026-04-10T03:26:58.266Z] Checked if tokens are valid: true, expires at: 1775795210425
[debug] [2026-04-10T03:26:58.266Z] Checked if tokens are valid: true, expires at: 1775795210425
[debug] [2026-04-10T03:26:58.266Z] >>> [apiv2][query] POST https://firebaserules.googleapis.com/v1/projects/studyhub-2026:test [none]
[debug] [2026-04-10T03:26:58.266Z] >>> [apiv2][body] POST https://firebaserules.googleapis.com/v1/projects/studyhub-2026:test [omitted]
[debug] [2026-04-10T03:26:59.236Z] <<< [apiv2][status] POST https://firebaserules.googleapis.com/v1/projects/studyhub-2026:test 200
[debug] [2026-04-10T03:26:59.237Z] <<< [apiv2][body] POST https://firebaserules.googleapis.com/v1/projects/studyhub-2026:test {}
[info] +  cloud.firestore: rules file firestore.rules compiled successfully 
[info] i  firestore: deploying indexes... 
[debug] [2026-04-10T03:26:59.238Z] Checked if tokens are valid: true, expires at: 1775795210425
[debug] [2026-04-10T03:26:59.238Z] Checked if tokens are valid: true, expires at: 1775795210425
[debug] [2026-04-10T03:26:59.238Z] >>> [apiv2][query] GET https://firestore.googleapis.com/v1/projects/studyhub-2026/databases/(default)/collectionGroups/-/indexes [none]
[debug] [2026-04-10T03:26:59.410Z] <<< [apiv2][status] GET https://firestore.googleapis.com/v1/projects/studyhub-2026/databases/(default)/collectionGroups/-/indexes 200
[debug] [2026-04-10T03:26:59.411Z] <<< [apiv2][body] GET https://firestore.googleapis.com/v1/projects/studyhub-2026/databases/(default)/collectionGroups/-/indexes {"indexes":[{"name":"projects/studyhub-2026/databases/(default)/collectionGroups/notes/indexes/CICAgOjXh4EK","queryScope":"COLLECTION","fields":[{"fieldPath":"userId","order":"ASCENDING"},{"fieldPath":"updatedAt","order":"DESCENDING"},{"fieldPath":"__name__","order":"DESCENDING"}],"state":"READY","density":"SPARSE_ALL"}]}
[debug] [2026-04-10T03:26:59.411Z] Checked if tokens are valid: true, expires at: 1775795210425
[debug] [2026-04-10T03:26:59.411Z] Checked if tokens are valid: true, expires at: 1775795210425
[debug] [2026-04-10T03:26:59.411Z] >>> [apiv2][query] GET https://firestore.googleapis.com/v1/projects/studyhub-2026/databases/(default)/collectionGroups/-/fields?filter=indexConfig.usesAncestorConfig=false OR ttlConfig:* [none]
[debug] [2026-04-10T03:26:59.566Z] <<< [apiv2][status] GET https://firestore.googleapis.com/v1/projects/studyhub-2026/databases/(default)/collectionGroups/-/fields?filter=indexConfig.usesAncestorConfig=false OR ttlConfig:* 200
[debug] [2026-04-10T03:26:59.567Z] <<< [apiv2][body] GET https://firestore.googleapis.com/v1/projects/studyhub-2026/databases/(default)/collectionGroups/-/fields?filter=indexConfig.usesAncestorConfig=false OR ttlConfig:* {"fields":[{"name":"projects/studyhub-2026/databases/(default)/collectionGroups/__default__/fields/*","indexConfig":{"indexes":[{"queryScope":"COLLECTION","fields":[{"fieldPath":"*","order":"ASCENDING"}],"state":"READY"},{"queryScope":"COLLECTION","fields":[{"fieldPath":"*","order":"DESCENDING"}],"state":"READY"},{"queryScope":"COLLECTION","fields":[{"fieldPath":"*","arrayConfig":"CONTAINS"}],"state":"READY"}]}},{"name":"projects/studyhub-2026/databases/(default)/collectionGroups/flashcardSets/fields/isPublic","indexConfig":{"indexes":[{"queryScope":"COLLECTION","fields":[{"fieldPath":"isPublic","order":"ASCENDING"}],"state":"READY"},{"queryScope":"COLLECTION","fields":[{"fieldPath":"isPublic","order":"DESCENDING"}],"state":"READY"},{"queryScope":"COLLECTION_GROUP","fields":[{"fieldPath":"isPublic","order":"ASCENDING"}],"state":"READY"},{"queryScope":"COLLECTION_GROUP","fields":[{"fieldPath":"isPublic","order":"DESCENDING"}],"state":"READY"}],"ancestorField":"projects/studyhub-2026/databases/(default)/collectionGroups/__default__/fields/*"}},{"name":"projects/studyhub-2026/databases/(default)/collectionGroups/quizSets/fields/isPublic","indexConfig":{"indexes":[{"queryScope":"COLLECTION","fields":[{"fieldPath":"isPublic","order":"ASCENDING"}],"state":"READY"},{"queryScope":"COLLECTION","fields":[{"fieldPath":"isPublic","order":"DESCENDING"}],"state":"READY"},{"queryScope":"COLLECTION_GROUP","fields":[{"fieldPath":"isPublic","order":"ASCENDING"}],"state":"READY"},{"queryScope":"COLLECTION_GROUP","fields":[{"fieldPath":"isPublic","order":"DESCENDING"}],"state":"READY"}],"ancestorField":"projects/studyhub-2026/databases/(default)/collectionGroups/__default__/fields/*"}}]}
[debug] [2026-04-10T03:26:59.567Z] Checked if tokens are valid: true, expires at: 1775795210425
[debug] [2026-04-10T03:26:59.567Z] Checked if tokens are valid: true, expires at: 1775795210425
[debug] [2026-04-10T03:26:59.567Z] >>> [apiv2][query] GET https://firestore.googleapis.com/v1/projects/studyhub-2026/databases/(default) [none]
[debug] [2026-04-10T03:26:59.694Z] <<< [apiv2][status] GET https://firestore.googleapis.com/v1/projects/studyhub-2026/databases/(default) 200
[debug] [2026-04-10T03:26:59.695Z] <<< [apiv2][body] GET https://firestore.googleapis.com/v1/projects/studyhub-2026/databases/(default) {"name":"projects/studyhub-2026/databases/(default)","uid":"6c2ccead-b0e1-4f70-b91f-d0f14ea8a2c5","createTime":"2026-04-09T03:23:18.237271Z","updateTime":"2026-04-09T03:23:18.237271Z","locationId":"asia-southeast1","type":"FIRESTORE_NATIVE","concurrencyMode":"PESSIMISTIC","versionRetentionPeriod":"3600s","earliestVersionTime":"2026-04-10T02:26:39.338157Z","appEngineIntegrationMode":"DISABLED","keyPrefix":"zas","pointInTimeRecoveryEnablement":"POINT_IN_TIME_RECOVERY_DISABLED","deleteProtectionState":"DELETE_PROTECTION_DISABLED","databaseEdition":"STANDARD","freeTier":true,"realtimeUpdatesMode":"REALTIME_UPDATES_MODE_ENABLED","etag":"IL//5Jur4pMDMLWu7LHp35MD"}
[info] i  firestore: there are 1 indexes defined in your project that are not present in your firestore indexes file. To delete them, run this command with the --force flag. 
[debug] [2026-04-10T03:26:59.695Z] Creating new index: {"collectionGroup":"pomodoro_sessions","queryScope":"COLLECTION","fields":[{"fieldPath":"userId","order":"ASCENDING"},{"fieldPath":"completedAt","order":"DESCENDING"}]}
[debug] [2026-04-10T03:26:59.696Z] Checked if tokens are valid: true, expires at: 1775795210425
[debug] [2026-04-10T03:26:59.696Z] Checked if tokens are valid: true, expires at: 1775795210425
[debug] [2026-04-10T03:26:59.696Z] >>> [apiv2][query] POST https://firestore.googleapis.com/v1/projects/studyhub-2026/databases/(default)/collectionGroups/pomodoro_sessions/indexes [none]
[debug] [2026-04-10T03:26:59.696Z] >>> [apiv2][body] POST https://firestore.googleapis.com/v1/projects/studyhub-2026/databases/(default)/collectionGroups/pomodoro_sessions/indexes {"fields":[{"fieldPath":"userId","order":"ASCENDING"},{"fieldPath":"completedAt","order":"DESCENDING"}],"queryScope":"COLLECTION"}
[debug] [2026-04-10T03:27:00.020Z] <<< [apiv2][status] POST https://firestore.googleapis.com/v1/projects/studyhub-2026/databases/(default)/collectionGroups/pomodoro_sessions/indexes 200
[debug] [2026-04-10T03:27:00.020Z] <<< [apiv2][body] POST https://firestore.googleapis.com/v1/projects/studyhub-2026/databases/(default)/collectionGroups/pomodoro_sessions/indexes {"name":"projects/studyhub-2026/databases/(default)/operations/S0U0ejdqSmdBQ0lDDCoDIDc2N2VlYTBjOWUxZS1mMzE4LThlZjQtOTA0ZS0zODVmZGM5OCQac2VuaWxlcGlwCQpBEg","metadata":{"@type":"type.googleapis.com/google.firestore.admin.v1.IndexOperationMetadata","startTime":"2026-04-10T03:26:39.632511Z","index":"projects/studyhub-2026/databases/(default)/collectionGroups/pomodoro_sessions/indexes/CICAgJj7z4EK","state":"INITIALIZING"}}
[debug] [2026-04-10T03:27:00.031Z] Skipping existing field override: {"collectionGroup":"flashcardSets","fieldPath":"isPublic","indexes":[{"order":"ASCENDING","queryScope":"COLLECTION"},{"order":"DESCENDING","queryScope":"COLLECTION"},{"order":"ASCENDING","queryScope":"COLLECTION_GROUP"},{"order":"DESCENDING","queryScope":"COLLECTION_GROUP"}]}
[debug] [2026-04-10T03:27:00.031Z] Skipping existing field override: {"collectionGroup":"quizSets","fieldPath":"isPublic","indexes":[{"order":"ASCENDING","queryScope":"COLLECTION"},{"order":"DESCENDING","queryScope":"COLLECTION"},{"order":"ASCENDING","queryScope":"COLLECTION_GROUP"},{"order":"DESCENDING","queryScope":"COLLECTION_GROUP"}]}
[info] +  firestore: deployed indexes in firestore.indexes.json successfully for (default) database 
[info] 
[info] +  Deploy complete! 
[info] 
[info] Project Console: https://console.firebase.google.com/project/studyhub-2026/overview
